872791 405611 1
428493 726399 509
692263 486625 1
720369 887343 525
469419 442289 1
983683 333794 1
753331 786708 468
486660 303866 1
301826 298214 1
944946 809201 1
947470 784046 1
213353 86168 1
85747 799855 509
670310 870853 525
191380 101453 1
774182 606159 1
999307 271693 1
39755 363730 443
653314 526955 1
302509 513625 470
593174 797052 509
26162 734780 509
275832 864320 525
216949 273230 443
941623 642859 1
267007 942929 525
111677 863997 525
212793 266093 443
626248 978164 525
107907 11470 1
502629 351090 1
953980 392617 1
770737 536865 1
346503 871450 525
339060 621561 470
125489 342199 443
732271 340629 1
966463 23857 1
20764 254580 443
902427 165789 1
322235 693562 509
620025 187777 1
30364 44833 324
602657 37350 1
757241 670450 1
48053 420458 449
598194 53482 1
973819 785145 1
873442 183381 1
381296 144538 1
319844 231092 1
352893 655418 509
850222 102356 1
